0:100  0:100  MemLog inited, TSC freq: 1989740700
0:100  0:000  CPU was calibrated with RTC
0:100  0:000  
0:100  0:000  Now is 9.2.2019,  13:54:13 (GMT)
0:100  0:000  Starting Clover revision: 4871 on INSYDE Corp. EFI
0:100  0:000  Build with: [Args: -mc --no-usb -D NO_GRUB_DRIVERS_EMBEDDED -t XCODE8 | -D DISABLE_USB_SUPPORT -D NO_GRUB_DRIVERS_EMBEDDED --conf=/Users/steve/src/edk2/Conf -D USE_BIOS_BLOCKIO -D USE_LOW_EBDA -a X64 -b RELEASE -t XCODE8 -n 9 | OS: 10.13.6 | XCODE: 10.1]
0:100  0:000  SelfDevicePath=PciRoot(0x0)\Pci(0x1D,0x0)\Pci(0x0,0x0)\NVMe(0x1,A2-BB-B0-81-5A-38-25-00)\HD(1,GPT,4B31CFD0-D092-4E5A-8020-036079272895,0x28,0x64000) @7C079D18
0:100  0:000  SelfDirPath = \EFI\BOOT
0:101  0:000  === [ Get Smbios ] ========================================
0:106  0:004  Type 16 Index = 0
0:106  0:000  Total Memory Slots Count = 2
0:106  0:000  Type 17 Index = 0
0:106  0:000  SmbiosTable.Type17->Speed = 2400MHz
0:106  0:000  SmbiosTable.Type17->Size = 8192MB
0:106  0:000  SmbiosTable.Type17->Bank/Device = BANK 0 ChannelA-DIMM0
0:106  0:000  SmbiosTable.Type17->Vendor = Samsung
0:106  0:000  SmbiosTable.Type17->SerialNumber = 00000000
0:106  0:000  SmbiosTable.Type17->PartNumber = M471A1K43BB1-CRC    
0:106  0:000  Type 17 Index = 1
0:106  0:000  Ignoring insane frequency value 0MHz
0:106  0:000  SmbiosTable.Type17->Speed = 0MHz
0:106  0:000  SmbiosTable.Type17->Size = 0MB
0:106  0:000  SmbiosTable.Type17->Bank/Device = BANK 2 ChannelB-DIMM0
0:106  0:000  SmbiosTable.Type17->Vendor = <null string>
0:106  0:000  SmbiosTable.Type17->SerialNumber = <null string>
0:106  0:000  SmbiosTable.Type17->PartNumber = <null string>
0:106  0:000  Boot status=0
0:106  0:000  Running on: 'TM1703' with board 'TM1703'
0:106  0:000  === [ GetCPUProperties ] ==================================
0:106  0:000  CPU Vendor = 756E6547 Model=806EA
0:106  0:000   The CPU supported SSE4.1
0:106  0:000  BrandString = Intel(R) Core(TM) i7-8550U CPU @ 1.80GHz
0:106  0:000   The CPU supported turbo
0:106  0:000  MSR 0x35               40008
0:106  0:000   TSC/CCC Information Leaf:
0:106  0:000    numerator     : 166
0:106  0:000    denominator   : 2
0:106  0:000   Calibrated ARTFrequency: 23972779
0:106  0:000  MSR 0xE2 before patch 1E008006
0:106  0:000  MSR 0xE2 is locked, PM patches will be turned on
0:106  0:000  MSR 0xCE              0004043D_F1011400
0:106  0:000  corrected FLEX_RATIO = 100000
0:106  0:000  MSR 0x1B0             00000000
0:106  0:000  FSBFrequency = 85 MHz, DMI FSBFrequency = 100 MHz, Corrected FSBFrequency = 100 MHz
0:106  0:000  MaxDiv/MinDiv: 20.0/4
0:106  0:000  Turbo: 37/37/40/40
0:106  0:000  Features: 0xBFEBFBFF
0:106  0:000  Threads: 8
0:106  0:000  Cores: 4
0:106  0:000  FSB: 100 MHz
0:106  0:000  CPU: 1700 MHz
0:106  0:000  TSC: 1700 MHz
0:106  0:000  PIS: 100 MHz
0:106  0:000  ExternalClock: 25 MHz
0:106  0:000  === [ GetDevices ] ========================================
0:106  0:000  PCI (00|00:00.00) : 8086 5914 class=060000
0:106  0:000  PCI (00|00:02.00) : 8086 5917 class=030000
0:106  0:000   - GFX: Model=Intel UHD Graphics 620 (Intel)
0:106  0:000  PCI (00|00:14.00) : 8086 9D2F class=0C0330
0:106  0:000  PCI (00|00:15.00) : 8086 9D60 class=118000
0:106  0:000  PCI (00|00:15.01) : 8086 9D61 class=118000
0:106  0:000  PCI (00|00:16.00) : 8086 9D3A class=078000
0:106  0:000  PCI (00|00:17.00) : 8086 9D03 class=010601
0:106  0:000  PCI (00|00:1C.00) : 8086 9D10 class=060400
0:106  0:000  PCI (00|01:00.00) : 10DE 1D12 class=030200
0:106  0:000  PCI (00|00:1C.04) : 8086 9D14 class=060400
0:106  0:000  PCI (00|02:00.00) : 8086 24FD class=028000
0:106  0:000   - WIFI: Vendor=Intel
0:106  0:000  PCI (00|00:1D.00) : 8086 9D18 class=060400
0:106  0:000  PCI (00|03:00.00) : 144D A808 class=010802
0:106  0:000  PCI (00|00:1F.00) : 8086 9D4E class=060100
0:106  0:000  PCI (00|00:1F.02) : 8086 9D21 class=058000
0:106  0:000  PCI (00|00:1F.03) : 8086 9D71 class=040300
0:106  0:000  PCI (00|00:1F.04) : 8086 9D23 class=0C0500
0:106  0:000  === [ GetDefaultSettings ] ================================
0:106  0:000  Clover load options size = 0 bytes
0:109  0:002  EFI\CLOVER\config.plist loaded: Success
0:116  0:007  === [ GetListOfThemes ] ===================================
0:116  0:000  - [00]: SimpleThemeDark
0:117  0:000  - [01]: Xiaomi
0:118  0:000  - [02]: OS
0:119  0:000  === [ Found config plists ] ===============================
0:119  0:000  - config.plist
0:119  0:000  === [ GetEarlyUserSettings ] ==============================
0:119  0:000  timeout set to 4
0:119  0:000  Custom boot CUSTOM_BOOT_DISABLED (0x0)
0:119  0:000  KextsToPatch: 3 requested
0:119  0:000   - [00]: com.apple.driver.AppleIntelLpssI2C (Prevent Apple I2C kexts from attaching to I2C controllers, credit CoolStar) :: PlistPatch :: data len: 5
0:119  0:000   - [01]: com.apple.driver.AppleIntelLpssI2CController (Prevent Apple I2C kexts from attaching to I2C controllers, credit CoolStar) :: PlistPatch :: data len: 5
0:119  0:000   - [02]: com.apple.iokit.IOAHCIBlockStorage (Enable TRIM for SSD) :: BinPatch :: data len: 11
0:119  0:000  KernelToPatch: 2 requested
0:119  0:000   - [00]: Disable panic kext logging on 10.13 release kernel (credit vit9696) :: MatchOS: 10.13.x :: data len: 6
0:119  0:000   - [01]: Disable panic kext logging on 10.14 release kernel (credit vit9696) :: MatchOS: 10.14.x :: data len: 6
0:119  0:000  Default theme: Xiaomi
0:119  0:000  Hiding entries with string Preboot
0:119  0:000  Hiding entries with string Recovery
0:119  0:000  === [ LoadDrivers ] =======================================
0:119  0:000  Loading AppleKeyFeeder-64.efi  status=Success
0:120  0:000  Loading HFSPlus.efi  status=Success
0:121  0:000   - driver needs connecting
0:121  0:000  Loading DataHubDxe-64.efi  status=Success
0:122  0:000  Loading VirtualSmc.efi  status=Success
0:123  0:001  Loading FSInject-64.efi  status=Success
0:124  0:001  Loading ApfsDriverLoader-64.efi  status=Success
0:125  0:001   - driver needs connecting
0:125  0:000  Loading AppleUISupport-64.efi  status=Success
0:227  0:101  Loading AppleImageLoader-64.efi  status=Success
0:228  0:000  Loading AptioInputFix-64.efi  status=Success
0:239  0:010  Loading AptioMemoryFix-64.efi  status=Success
0:240  0:001  Loading AudioDxe-64.efi  status=Success
0:241  0:001   - driver needs connecting
0:241  0:000  3 drivers needs connecting ...
0:241  0:000  PlatformDriverOverrideProtocol->GetDriver overriden
0:241  0:000  HFS+ driver loaded
0:241  0:000  APFS driver loaded
0:241  0:000  Searching for invalid DiskIo BY_DRIVER connects: not found, all ok
4:314  4:073  === [ InitScreen ] ========================================
4:314  0:000  SetScreenResolution: 1920x1080 - already set
4:314  0:000  Console modes reported: 7, available modes:
4:314  0:000   - [01]: 80x25
4:314  0:000   - [02]: 80x50
4:314  0:000   - [03]: 80x25
4:314  0:000   - [04]: 240x56 (current mode)
4:314  0:000   - [05]: 100x31
4:314  0:000   - [06]: 128x40
4:314  0:000   - [07]: 160x53
4:314  0:000  SetScreenResolution: 1920x1080 - already set
4:314  0:000  reinit: self device path=PciRoot(0x0)\Pci(0x1D,0x0)\Pci(0x0,0x0)\NVMe(0x1,A2-BB-B0-81-5A-38-25-00)\HD(1,GPT,4B31CFD0-D092-4E5A-8020-036079272895,0x28,0x64000)
4:315  0:000  === [ GetMacAddress ] =====================================
4:315  0:000   get legacy LAN MAC, 0 card found
4:315  0:000  === [ ScanSPD ] ===========================================
4:315  0:000  Scanning SMBus [8086:9D23], mmio: 0xB422E004, ioport: 0x4040, hostc: 0x11
4:317  0:001  === [ GetAcpiTablesList ] =================================
4:326  0:009  Get Acpi Tables List from RSDT:
4:326  0:000   - [00]: FACP  XMCC1703 len=268
4:326  0:000   - [01]: SSDT  XMCC1703 len=17839
4:326  0:000   - [02]: SSDT  XMCC1703 len=1364
4:326  0:000   - [03]: MSDM  XMCC1703 len=85
4:326  0:000   - [04]: ASF!  XMCC1703 len=165
4:326  0:000   - [05]: BOOT  XMCC1703 len=40
4:326  0:000   - [06]: HPET  XMCC1703 len=56
4:326  0:000   - [07]: MCFG  XMCC1703 len=60
4:326  0:000   - [08]: WSMT  XMCC1703 len=40
4:326  0:000   - [09]: DBG2  XMCC1703 len=84
4:326  0:000   - [10]: SSDT  XMCC1703 len=6062
4:326  0:000   - [11]: SSDT  XMCC1703 len=11240
4:326  0:000   - [12]: FPDT  XMCC1703 len=68
4:326  0:000   - [13]: UEFI  XMCC1703 len=66
4:326  0:000   - [14]: SSDT  XMCC1703 len=12594
4:326  0:000   - [15]: DBGP  XMCC1703 len=52
4:326  0:000   - [16]: LPIT  XMCC1703 len=148
4:326  0:000   - [17]: DMAR  XMCC1703 len=240
4:326  0:000   - [18]: UEFI  XMCC1703 len=566
4:326  0:000   - [19]: ASPT  XMCC1703 len=52
4:326  0:000   - [20]: DBGP  XMCC1703 len=52
4:326  0:000   - [21]: BGRT  XMCC1703 len=56
4:326  0:000   - [22]: APIC  XMCC1703 len=300
4:326  0:000   - [23]: TPM2  XMCC1703 len=52
4:326  0:000   - [24]: SSDT  XMCC1703 len=2511
4:326  0:000  Calibrated TSC Frequency = 1989740700 = 1989MHz
4:326  0:000  === [ GetUserSettings ] ===================================
4:326  0:000  Add 15 devices:
4:327  0:000  USB FixOwnership: yes
4:327  0:000  Dropping 1 tables:
4:327  0:000   - [00]: Drop table  signature="DMAR" (52414D44)
4:327  0:000           - set table: 52414D44,                0 to drop: yes
4:327  0:000   - final DSDT Fix mask=00840009
4:327  0:000  PatchesDSDT: 16 requested
4:327  0:000   - [00]: (change MATH._STA and LDR2._STA to XSTA) lenToFind: 9, lenToReplace: 9, Target Bridge: <null string>
4:327  0:000   - [01]: (change RTC to XRTC) lenToFind: 4, lenToReplace: 4, Target Bridge: <null string>
4:327  0:000   - [02]: (change EC0 to EC) lenToFind: 4, lenToReplace: 4, Target Bridge: <null string>
4:327  0:000   - [03]: (change PCI0.GPI0._STA to PCI0.GPI0.XSTA) lenToFind: 9, lenToReplace: 9, Target Bridge: <null string>
4:327  0:000   - [04]: (Rename TPD0._CRS to XCRS) lenToFind: 6, lenToReplace: 6, Target Bridge: <null string>
4:327  0:000   - [05]: (Rename _Q1D) lenToFind: 4, lenToReplace: 4, Target Bridge: <null string>
4:327  0:000   - [06]: (Rename _Q1C) lenToFind: 4, lenToReplace: 4, Target Bridge: <null string>
4:327  0:000   - [07]: (change _OSI to XOSI) lenToFind: 4, lenToReplace: 4, Target Bridge: <null string>
4:327  0:000   - [08]: (change _DSM to XDSM) lenToFind: 4, lenToReplace: 4, Target Bridge: <null string>
4:327  0:000   - [09]: (change HDAS to HDEF) lenToFind: 4, lenToReplace: 4, Target Bridge: <null string>
4:327  0:000   - [10]: (change HECI to IMEI) lenToFind: 4, lenToReplace: 4, Target Bridge: <null string>
4:327  0:000   - [11]: (change GFX0 to IGPU) lenToFind: 4, lenToReplace: 4, Target Bridge: <null string>
4:327  0:000   - [12]: (change SAT0 to SATA) lenToFind: 4, lenToReplace: 4, Target Bridge: <null string>
4:327  0:000   - [13]: (change Method(_PTS,1,N) to ZPTS) lenToFind: 5, lenToReplace: 5, Target Bridge: <null string>
4:327  0:000   - [14]: (change Method(_WAK,1,S) to ZWAK) lenToFind: 5, lenToReplace: 5, Target Bridge: <null string>
4:327  0:000   - [15]: (change Method(GPRW,2,N) to XPRW) lenToFind: 5, lenToReplace: 5, Target Bridge: <null string>
4:327  0:000  Using ProductName from config: MacBookPro14,1
4:327  0:000  Found same BiosVersion in clover and config
4:327  0:000  BiosVersion: MBP141.88Z.F000.B00.1809171524
4:327  0:000  BiosReleaseDate: 09/17/2018
4:327  0:000  Using EfiVersion from config: 184.0.0.0.0
4:327  0:000  Using FirmwareFeatures from config: 0xFC0FE137
4:327  0:000  Using FirmwareFeaturesMask from config: 0xFF1FFF3F
4:327  0:000  Board-ID set from config as Mac-B4831CEBD52A0C4C
4:327  0:000  BoardType: 0xA
4:327  0:000  ChassisType: 0x9
4:328  0:000  === [ Found DSDT tables ] =================================
4:411  0:083  === [ ScanVolumes ] =======================================
4:411  0:000  Found 12 volumes with blockIO
4:411  0:000  - [00]: Volume: PciRoot(0x0)\Pci(0x17,0x0)\Sata(0x0,0x0,0x0)
4:412  0:001  - [01]: Volume: PciRoot(0x0)\Pci(0x17,0x0)\Sata(0x0,0x0,0x0)\HD(1,GPT,631DE0BD-82E8-4C46-A06A-C8B8B2B69045,0x800,0xF9800)
4:413  0:000          Result of bootcode detection: bootable Windows (vista,win)
4:413  0:000  - [02]: Volume: PciRoot(0x0)\Pci(0x17,0x0)\Sata(0x0,0x0,0x0)\HD(2,GPT,18E113CE-C703-4C94-BCDB-C0E6A751968E,0xFA000,0x32000)
4:413  0:000          Result of bootcode detection: bootable Windows (vista,win)
4:413  0:000  - [03]: Volume: PciRoot(0x0)\Pci(0x17,0x0)\Sata(0x0,0x0,0x0)\HD(3,GPT,1E85660B-747F-458A-AD98-B16D8B26243C,0x12C000,0x8000)
4:413  0:000  - [04]: Volume: PciRoot(0x0)\Pci(0x17,0x0)\Sata(0x0,0x0,0x0)\HD(4,GPT,2E15B957-0E5D-44F6-AD42-C6193DDA658D,0x134000,0xED48000)
4:413  0:000          Result of bootcode detection: bootable Windows (vista,win)
4:413  0:000  - [05]: Volume: PciRoot(0x0)\Pci(0x1D,0x0)\Pci(0x0,0x0)\NVMe(0x1,A2-BB-B0-81-5A-38-25-00)
4:413  0:000  - [06]: Volume: PciRoot(0x0)\Pci(0x1D,0x0)\Pci(0x0,0x0)\NVMe(0x1,A2-BB-B0-81-5A-38-25-00)\HD(1,GPT,4B31CFD0-D092-4E5A-8020-036079272895,0x28,0x64000)
4:414  0:000          Result of bootcode detection: bootable unknown (legacy)
4:414  0:000          This is SelfVolume !!
4:414  0:000  - [07]: Volume: PciRoot(0x0)\Pci(0x1D,0x0)\Pci(0x0,0x0)\NVMe(0x1,A2-BB-B0-81-5A-38-25-00)\HD(2,GPT,F5949FB6-7335-4656-A7ED-B0298542AB68,0x64028,0x3A321FE0)
4:414  0:000          Result of bootcode detection: bootable unknown (legacy)
4:414  0:000  - [08]: Volume: PciRoot(0x0)\Pci(0x1D,0x0)\Pci(0x0,0x0)\NVMe(0x1,A2-BB-B0-81-5A-38-25-00)\HD(2,GPT,F5949FB6-7335-4656-A7ED-B0298542AB68,0x64028,0x3A321FE0)\VenMedia(BE74FCF7-0B7C-49F3-9147-01F4042E6842,3A6AB1A009456F4184889A39B3A63AF6)
4:414  0:000          hiding this volume
4:414  0:000  - [09]: Volume: PciRoot(0x0)\Pci(0x1D,0x0)\Pci(0x0,0x0)\NVMe(0x1,A2-BB-B0-81-5A-38-25-00)\HD(2,GPT,F5949FB6-7335-4656-A7ED-B0298542AB68,0x64028,0x3A321FE0)\VenMedia(BE74FCF7-0B7C-49F3-9147-01F4042E6842,72D40D0E236EA74C937CFF377817A3F1)
4:414  0:000  - [10]: Volume: PciRoot(0x0)\Pci(0x1D,0x0)\Pci(0x0,0x0)\NVMe(0x1,A2-BB-B0-81-5A-38-25-00)\HD(2,GPT,F5949FB6-7335-4656-A7ED-B0298542AB68,0x64028,0x3A321FE0)\VenMedia(BE74FCF7-0B7C-49F3-9147-01F4042E6842,4AC2ABEC988E404E978869AFE93B7FF4)
4:414  0:000          hiding this volume
4:414  0:000  - [11]: Volume: PciRoot(0x0)\Pci(0x1D,0x0)\Pci(0x0,0x0)\NVMe(0x1,A2-BB-B0-81-5A-38-25-00)\HD(2,GPT,F5949FB6-7335-4656-A7ED-B0298542AB68,0x64028,0x3A321FE0)\VenMedia(BE74FCF7-0B7C-49F3-9147-01F4042E6842,175EC57BB779434487A1392F7B6F7696)
4:415  0:000  found 2 handles with audio
4:415  0:000  No AudioIoDevice stored
4:415  0:000  no stored audio parameters
4:415  0:000  === [ InitTheme ] =========================================
4:415  0:000  use daylight theme
4:417  0:002  Using theme 'Xiaomi' (EFI\CLOVER\themes\Xiaomi)
4:417  0:000  OS main and drive as badge
4:417  0:000  file sound read: sound.wav Not Found
4:420  0:002  Loading font from ThemeDir: Success
4:421  0:001  theme inited
4:421  0:000  Chosen theme Xiaomi
4:421  0:000  after NVRAM boot-args=igfxrst=1
4:421  0:000  === [ Dump SMC keys from NVRAM ] ==========================
4:421  0:000  found AppleSMC protocol
4:432  0:011  === [ ScanLoader ] ========================================
4:432  0:000  - [02]: 'EFI'
4:433  0:000          AddLoaderEntry for Volume Name=EFI
4:459  0:026          AddLoaderEntry for Volume Name=EFI
4:459  0:000          skipped because entry is hidden
4:459  0:000  - [06]: 'EFI'
4:485  0:026          AddLoaderEntry for Volume Name=EFI
4:485  0:000          skipped because entry is hidden
4:485  0:000  - [08]: 'Preboot', hidden
4:485  0:000  - [09]: 'macOS'
4:491  0:005          AddLoaderEntry for Volume Name=macOS
4:493  0:002      Check if volume Is Hibernated:
4:493  0:000      Check sleep image 'by signature':
4:495  0:002      read prefs \Library\Preferences\com.apple.PowerManagement.plist status=Success
4:496  0:000      using default sleep image name = \private\var\vm\sleepimage
4:497  0:001      sleepimage not found -> Not Found
4:497  0:000      hibernated: no - sign
4:498  0:000          [!] Icon 18 (icons\vol_internal_apfs.icns) not found (path: EFI\CLOVER\themes\Xiaomi)
4:523  0:025  - [10]: 'Recovery', hidden
4:523  0:000  - [11]: 'VM'
4:549  0:025  === [ GetEfiBootDeviceFromNvram ] =========================
4:549  0:000   - efi-boot-device-data: PciRoot(0x0)\Pci(0x1D,0x0)\Pci(0x0,0x0)\NVMe(0x1,A2-BB-B0-81-5A-38-25-00)\HD(2,GPT,F5949FB6-7335-4656-A7ED-B0298542AB68,0x64028,0x3A321FE0)\VenMedia(BE74FCF7-0B7C-49F3-9147-01F4042E6842,72D40D0E236EA74C937CFF377817A3F1)
4:549  0:000    - Volume: 'PciRoot(0x0)\Pci(0x1D,0x0)\Pci(0x0,0x0)\NVMe(0x1,A2-BB-B0-81-5A-38-25-00)\HD(2,GPT,F5949FB6-7335-4656-A7ED-B0298542AB68,0x64028,0x3A321FE0)\VenMedia(BE74FCF7-0B7C-49F3-9147-01F4042E6842,72D40D0E236EA74C937CFF377817A3F1)'
4:549  0:000    - LoaderPath: '<null string>'
4:549  0:000    - Guid = F5949FB6-7335-4656-A7ED-B0298542AB68
4:549  0:000  === [ FindStartupDiskVolume ] =============================
4:549  0:000    - Volume: partition = PciRoot(0x0)\Pci(0x1D,0x0)\Pci(0x0,0x0)\NVMe(0x1,A2-BB-B0-81-5A-38-25-00)\HD(2,GPT,F5949FB6-7335-4656-A7ED-B0298542AB68,0x64028,0x3A321FE0)\VenMedia(BE74FCF7-0B7C-49F3-9147-01F4042E6842,72D40D0E236EA74C937CFF377817A3F1)
4:549  0:000     - searching for that partition
4:549  0:000      - found entry 1. 'Boot macOS from macOS', Volume 'macOS'
4:549  0:000  Boot redirected to Entry 1. 'Boot macOS from macOS'
4:549  0:000  DefaultIndex=1 and MainMenu.EntryCount=6
4:678  0:129  GUI ready
